<?xml version="1.0" encoding="UTF-8"?>
<!-- Generated by org.testng.reporters.JUnitXMLReporter -->
<testsuite hostname="seljvm" ignored="6" name="Test" tests="3" failures="0" timestamp="20 Mar 2021 15:32:05 GMT" time="23.572" errors="0">
  <testcase name="addCustomer" time="8.614" classname="com.mindtree.testcases.AddCustomer"/>
  <testcase name="openAccount" time="7.765" classname="com.mindtree.testcases.OpenAccount"/>
  <testcase name="customerLogin" time="6.643" classname="com.mindtree.testcases.CustomerLogin"/>
  <testcase name="@BeforeSuite setUp" time="0.0" classname="com.mindtree.base.TestBase">
    <ignored/>
  </testcase> <!-- @BeforeSuite setUp -->
  <testcase name="@BeforeSuite setUp" time="0.0" classname="com.mindtree.base.TestBase">
    <ignored/>
  </testcase> <!-- @BeforeSuite setUp -->
  <testcase name="@BeforeSuite setUp" time="0.0" classname="com.mindtree.base.TestBase">
    <ignored/>
  </testcase> <!-- @BeforeSuite setUp -->
  <testcase name="@AfterSuite tearDown" time="0.0" classname="com.mindtree.base.TestBase">
    <ignored/>
  </testcase> <!-- @AfterSuite tearDown -->
  <testcase name="@AfterSuite tearDown" time="0.0" classname="com.mindtree.base.TestBase">
    <ignored/>
  </testcase> <!-- @AfterSuite tearDown -->
  <testcase name="@AfterSuite tearDown" time="0.0" classname="com.mindtree.base.TestBase">
    <ignored/>
  </testcase> <!-- @AfterSuite tearDown -->
</testsuite> <!-- Test -->
